{"/Users/liuwei/Desktop/xr-react/src/components/index.tsx": {"path":"/Users/liuwei/Desktop/xr-react/src/components/index.tsx","statementMap":{"0":{"start":{"line":1,"column":0},"end":{"line":1,"column":7}},"1":{"start":{"line":3,"column":9},"end":{"line":1,"column":34}},"2":{"start":{"line":4,"column":0},"end":{"line":4,"column":18}}},"fnMap":{},"branchMap":{},"s":{"0":1,"1":1,"2":1},"f":{},"b":{}}
,"/Users/liuwei/Desktop/xr-react/src/components/lib/Upload.tsx": {"path":"/Users/liuwei/Desktop/xr-react/src/components/lib/Upload.tsx","statementMap":{"0":{"start":{"line":1,"column":0},"end":{"line":1,"column":26}},"1":{"start":{"line":2,"column":0},"end":{"line":2,"column":29}},"2":{"start":{"line":3,"column":0},"end":{"line":3,"column":61}},"3":{"start":{"line":5,"column":11},"end":{"line":5,"column":19}},"4":{"start":{"line":21,"column":0},"end":{"line":142,"column":2}},"5":{"start":{"line":35,"column":6},"end":{"line":35,"column":12}},"6":{"start":{"line":23,"column":12},"end":{"line":23,"column":null}},"7":{"start":{"line":24,"column":15},"end":{"line":24,"column":null}},"8":{"start":{"line":25,"column":14},"end":{"line":25,"column":null}},"9":{"start":{"line":26,"column":16},"end":{"line":26,"column":null}},"10":{"start":{"line":27,"column":18},"end":{"line":27,"column":null}},"11":{"start":{"line":28,"column":21},"end":{"line":28,"column":null}},"12":{"start":{"line":29,"column":20},"end":{"line":29,"column":null}},"13":{"start":{"line":30,"column":15},"end":{"line":30,"column":null}},"14":{"start":{"line":31,"column":16},"end":{"line":31,"column":null}},"15":{"start":{"line":32,"column":13},"end":{"line":32,"column":null}},"16":{"start":{"line":33,"column":13},"end":{"line":33,"column":null}},"17":{"start":{"line":34,"column":12},"end":{"line":34,"column":null}},"18":{"start":{"line":34,"column":21},"end":{"line":34,"column":null}},"19":{"start":{"line":36,"column":17},"end":{"line":48,"column":4}},"20":{"start":{"line":38,"column":25},"end":{"line":38,"column":52}},"21":{"start":{"line":39,"column":6},"end":{"line":45,"column":10}},"22":{"start":{"line":39,"column":40},"end":{"line":45,"column":9}},"23":{"start":{"line":49,"column":2},"end":{"line":52,"column":5}},"24":{"start":{"line":51,"column":4},"end":{"line":51,"column":21}},"25":{"start":{"line":53,"column":2},"end":{"line":56,"column":5}},"26":{"start":{"line":55,"column":4},"end":{"line":55,"column":20}},"27":{"start":{"line":57,"column":2},"end":{"line":60,"column":5}},"28":{"start":{"line":59,"column":4},"end":{"line":59,"column":22}},"29":{"start":{"line":61,"column":2},"end":{"line":64,"column":5}},"30":{"start":{"line":63,"column":4},"end":{"line":63,"column":24}},"31":{"start":{"line":65,"column":2},"end":{"line":68,"column":5}},"32":{"start":{"line":67,"column":4},"end":{"line":67,"column":27}},"33":{"start":{"line":69,"column":2},"end":{"line":72,"column":5}},"34":{"start":{"line":71,"column":4},"end":{"line":71,"column":26}},"35":{"start":{"line":73,"column":2},"end":{"line":76,"column":5}},"36":{"start":{"line":75,"column":4},"end":{"line":75,"column":21}},"37":{"start":{"line":77,"column":2},"end":{"line":80,"column":5}},"38":{"start":{"line":79,"column":4},"end":{"line":79,"column":22}},"39":{"start":{"line":81,"column":23},"end":{"line":106,"column":3}},"40":{"start":{"line":82,"column":22},"end":{"line":82,"column":31}},"41":{"start":{"line":83,"column":17},"end":{"line":83,"column":21}},"42":{"start":{"line":84,"column":4},"end":{"line":84,"column":24}},"43":{"start":{"line":85,"column":4},"end":{"line":87,"column":null}},"44":{"start":{"line":86,"column":6},"end":{"line":86,"column":13}},"45":{"start":{"line":88,"column":27},"end":{"line":88,"column":29}},"46":{"start":{"line":90,"column":19},"end":{"line":90,"column":27}},"47":{"start":{"line":91,"column":21},"end":{"line":91,"column":37}},"48":{"start":{"line":92,"column":6},"end":{"line":92,"column":37}},"49":{"start":{"line":94,"column":6},"end":{"line":104,"column":8}},"50":{"start":{"line":95,"column":8},"end":{"line":99,"column":null}},"51":{"start":{"line":96,"column":10},"end":{"line":96,"column":45}},"52":{"start":{"line":98,"column":10},"end":{"line":98,"column":33}},"53":{"start":{"line":100,"column":8},"end":{"line":100,"column":27}},"54":{"start":{"line":101,"column":8},"end":{"line":103,"column":null}},"55":{"start":{"line":102,"column":10},"end":{"line":102,"column":62}},"56":{"start":{"line":89,"column":4},"end":{"line":105,"column":null}},"57":{"start":{"line":89,"column":17},"end":{"line":89,"column":18}},"58":{"start":{"line":89,"column":26},"end":{"line":89,"column":38}},"59":{"start":{"line":89,"column":13},"end":{"line":89,"column":26}},"60":{"start":{"line":107,"column":2},"end":{"line":141,"column":4}}},"fnMap":{"0":{"name":"(anonymous_1)","decl":{"start":{"line":5,"column":11},"end":{"line":5,"column":18}},"loc":{"start":{"line":5,"column":11},"end":{"line":5,"column":19}}},"1":{"name":"(anonymous_2)","decl":{"start":{"line":21,"column":15},"end":{"line":21,"column":16}},"loc":{"start":{"line":21,"column":28},"end":{"line":142,"column":1}}},"2":{"name":"(anonymous_3)","decl":{"start":{"line":34,"column":15},"end":{"line":34,"column":21}},"loc":{"start":{"line":34,"column":15},"end":{"line":34,"column":25}}},"3":{"name":"(anonymous_4)","decl":{"start":{"line":37,"column":11},"end":{"line":37,"column":null}},"loc":{"start":{"line":37,"column":11},"end":{"line":46,"column":5}}},"4":{"name":"(anonymous_5)","decl":{"start":{"line":39,"column":31},"end":{"line":39,"column":32}},"loc":{"start":{"line":39,"column":35},"end":{"line":39,"column":41}}},"5":{"name":"(anonymous_6)","decl":{"start":{"line":49,"column":28},"end":{"line":49,"column":29}},"loc":{"start":{"line":49,"column":32},"end":{"line":52,"column":3}}},"6":{"name":"(anonymous_7)","decl":{"start":{"line":53,"column":27},"end":{"line":53,"column":28}},"loc":{"start":{"line":53,"column":31},"end":{"line":56,"column":3}}},"7":{"name":"(anonymous_8)","decl":{"start":{"line":57,"column":29},"end":{"line":57,"column":30}},"loc":{"start":{"line":57,"column":33},"end":{"line":60,"column":3}}},"8":{"name":"(anonymous_9)","decl":{"start":{"line":61,"column":31},"end":{"line":61,"column":32}},"loc":{"start":{"line":61,"column":35},"end":{"line":64,"column":3}}},"9":{"name":"(anonymous_10)","decl":{"start":{"line":65,"column":35},"end":{"line":65,"column":36}},"loc":{"start":{"line":65,"column":39},"end":{"line":68,"column":3}}},"10":{"name":"(anonymous_11)","decl":{"start":{"line":69,"column":34},"end":{"line":69,"column":35}},"loc":{"start":{"line":69,"column":38},"end":{"line":72,"column":3}}},"11":{"name":"(anonymous_12)","decl":{"start":{"line":73,"column":28},"end":{"line":73,"column":29}},"loc":{"start":{"line":73,"column":32},"end":{"line":76,"column":3}}},"12":{"name":"(anonymous_13)","decl":{"start":{"line":77,"column":29},"end":{"line":77,"column":30}},"loc":{"start":{"line":77,"column":33},"end":{"line":80,"column":3}}},"13":{"name":"(anonymous_14)","decl":{"start":{"line":81,"column":23},"end":{"line":81,"column":24}},"loc":{"start":{"line":81,"column":30},"end":{"line":106,"column":3}}},"14":{"name":"(anonymous_16)","decl":{"start":{"line":94,"column":22},"end":{"line":94,"column":32}},"loc":{"start":{"line":94,"column":33},"end":{"line":104,"column":7}}}},"branchMap":{"0":{"loc":{"start":{"line":23,"column":15},"end":{"line":23,"column":20}},"type":"cond-expr","locations":[{"start":{"line":23,"column":15},"end":{"line":23,"column":20}},{"start":{"line":23,"column":20},"end":{"line":23,"column":null}}]},"1":{"loc":{"start":{"line":24,"column":18},"end":{"line":24,"column":20}},"type":"cond-expr","locations":[{"start":{"line":24,"column":18},"end":{"line":24,"column":20}},{"start":{"line":24,"column":20},"end":{"line":24,"column":null}}]},"2":{"loc":{"start":{"line":25,"column":17},"end":{"line":25,"column":19}},"type":"cond-expr","locations":[{"start":{"line":25,"column":17},"end":{"line":25,"column":19}},{"start":{"line":25,"column":19},"end":{"line":25,"column":null}}]},"3":{"loc":{"start":{"line":26,"column":19},"end":{"line":26,"column":21}},"type":"cond-expr","locations":[{"start":{"line":26,"column":19},"end":{"line":26,"column":21}},{"start":{"line":26,"column":21},"end":{"line":26,"column":null}}]},"4":{"loc":{"start":{"line":27,"column":21},"end":{"line":27,"column":23}},"type":"cond-expr","locations":[{"start":{"line":27,"column":21},"end":{"line":27,"column":23}},{"start":{"line":27,"column":23},"end":{"line":27,"column":null}}]},"5":{"loc":{"start":{"line":28,"column":24},"end":{"line":28,"column":26}},"type":"cond-expr","locations":[{"start":{"line":28,"column":24},"end":{"line":28,"column":26}},{"start":{"line":28,"column":26},"end":{"line":28,"column":null}}]},"6":{"loc":{"start":{"line":29,"column":23},"end":{"line":29,"column":25}},"type":"cond-expr","locations":[{"start":{"line":29,"column":23},"end":{"line":29,"column":25}},{"start":{"line":29,"column":25},"end":{"line":29,"column":null}}]},"7":{"loc":{"start":{"line":30,"column":18},"end":{"line":30,"column":20}},"type":"cond-expr","locations":[{"start":{"line":30,"column":18},"end":{"line":30,"column":20}},{"start":{"line":30,"column":20},"end":{"line":30,"column":null}}]},"8":{"loc":{"start":{"line":31,"column":19},"end":{"line":31,"column":21}},"type":"cond-expr","locations":[{"start":{"line":31,"column":19},"end":{"line":31,"column":21}},{"start":{"line":31,"column":21},"end":{"line":31,"column":null}}]},"9":{"loc":{"start":{"line":32,"column":16},"end":{"line":32,"column":18}},"type":"cond-expr","locations":[{"start":{"line":32,"column":16},"end":{"line":32,"column":18}},{"start":{"line":32,"column":18},"end":{"line":32,"column":null}}]},"10":{"loc":{"start":{"line":33,"column":16},"end":{"line":33,"column":21}},"type":"cond-expr","locations":[{"start":{"line":33,"column":16},"end":{"line":33,"column":21}},{"start":{"line":33,"column":21},"end":{"line":33,"column":null}}]},"11":{"loc":{"start":{"line":34,"column":15},"end":{"line":34,"column":25}},"type":"cond-expr","locations":[{"start":{"line":34,"column":15},"end":{"line":34,"column":25}},{"start":{"line":34,"column":25},"end":{"line":34,"column":null}}]},"12":{"loc":{"start":{"line":85,"column":4},"end":{"line":87,"column":null}},"type":"if","locations":[{"start":{"line":85,"column":4},"end":{"line":87,"column":null}},{"start":{"line":85,"column":4},"end":{"line":87,"column":null}}]},"13":{"loc":{"start":{"line":95,"column":8},"end":{"line":99,"column":null}},"type":"if","locations":[{"start":{"line":95,"column":8},"end":{"line":99,"column":null}},{"start":{"line":95,"column":8},"end":{"line":99,"column":null}}]},"14":{"loc":{"start":{"line":101,"column":8},"end":{"line":103,"column":null}},"type":"if","locations":[{"start":{"line":101,"column":8},"end":{"line":103,"column":null}},{"start":{"line":101,"column":8},"end":{"line":103,"column":null}}]},"15":{"loc":{"start":{"line":110,"column":25},"end":{"line":110,"column":39}},"type":"cond-expr","locations":[{"start":{"line":110,"column":25},"end":{"line":110,"column":39}},{"start":{"line":111,"column":10},"end":{"line":120,"column":null}}]}},"s":{"0":1,"1":1,"2":1,"3":1,"4":1,"5":12,"6":1,"7":1,"8":1,"9":1,"10":1,"11":1,"12":1,"13":1,"14":1,"15":1,"16":1,"17":1,"18":0,"19":1,"20":0,"21":0,"22":0,"23":1,"24":0,"25":1,"26":0,"27":1,"28":0,"29":1,"30":0,"31":1,"32":0,"33":1,"34":0,"35":1,"36":0,"37":1,"38":0,"39":1,"40":0,"41":0,"42":0,"43":0,"44":0,"45":0,"46":0,"47":0,"48":0,"49":0,"50":0,"51":0,"52":0,"53":0,"54":0,"55":0,"56":0,"57":0,"58":0,"59":0,"60":1},"f":{"0":0,"1":1,"2":0,"3":0,"4":0,"5":0,"6":0,"7":0,"8":0,"9":0,"10":0,"11":0,"12":0,"13":0,"14":0},"b":{"0":[1,0],"1":[1,0],"2":[1,0],"3":[1,0],"4":[1,0],"5":[1,0],"6":[1,0],"7":[1,0],"8":[1,0],"9":[1,0],"10":[1,0],"11":[1,0],"12":[0,0],"13":[0,0],"14":[0,0],"15":[0,1]}}
}
