TN:
SF:src/components/index.tsx
FNF:0
FNH:0
DA:1,1
DA:3,1
DA:4,1
LF:3
LH:3
BRF:0
BRH:0
end_of_record
TN:
SF:src/components/lib/Upload.tsx
FN:5,(anonymous_1)
FN:21,(anonymous_2)
FN:34,(anonymous_3)
FN:37,(anonymous_4)
FN:39,(anonymous_5)
FN:49,(anonymous_6)
FN:53,(anonymous_7)
FN:57,(anonymous_8)
FN:61,(anonymous_9)
FN:65,(anonymous_10)
FN:69,(anonymous_11)
FN:73,(anonymous_12)
FN:77,(anonymous_13)
FN:81,(anonymous_14)
FN:94,(anonymous_16)
FNF:15
FNH:1
FNDA:0,(anonymous_1)
FNDA:1,(anonymous_2)
FNDA:0,(anonymous_3)
FNDA:0,(anonymous_4)
FNDA:0,(anonymous_5)
FNDA:0,(anonymous_6)
FNDA:0,(anonymous_7)
FNDA:0,(anonymous_8)
FNDA:0,(anonymous_9)
FNDA:0,(anonymous_10)
FNDA:0,(anonymous_11)
FNDA:0,(anonymous_12)
FNDA:0,(anonymous_13)
FNDA:0,(anonymous_14)
FNDA:0,(anonymous_16)
DA:1,1
DA:2,1
DA:3,1
DA:5,1
DA:21,1
DA:23,1
DA:24,1
DA:25,1
DA:26,1
DA:27,1
DA:28,1
DA:29,1
DA:30,1
DA:31,1
DA:32,1
DA:33,1
DA:34,1
DA:35,12
DA:36,1
DA:38,0
DA:39,0
DA:49,1
DA:51,0
DA:53,1
DA:55,0
DA:57,1
DA:59,0
DA:61,1
DA:63,0
DA:65,1
DA:67,0
DA:69,1
DA:71,0
DA:73,1
DA:75,0
DA:77,1
DA:79,0
DA:81,1
DA:82,0
DA:83,0
DA:84,0
DA:85,0
DA:86,0
DA:88,0
DA:89,0
DA:90,0
DA:91,0
DA:92,0
DA:94,0
DA:95,0
DA:96,0
DA:98,0
DA:100,0
DA:101,0
DA:102,0
DA:107,1
LF:56
LH:29
BRDA:23,0,0,1
BRDA:23,0,1,0
BRDA:24,1,0,1
BRDA:24,1,1,0
BRDA:25,2,0,1
BRDA:25,2,1,0
BRDA:26,3,0,1
BRDA:26,3,1,0
BRDA:27,4,0,1
BRDA:27,4,1,0
BRDA:28,5,0,1
BRDA:28,5,1,0
BRDA:29,6,0,1
BRDA:29,6,1,0
BRDA:30,7,0,1
BRDA:30,7,1,0
BRDA:31,8,0,1
BRDA:31,8,1,0
BRDA:32,9,0,1
BRDA:32,9,1,0
BRDA:33,10,0,1
BRDA:33,10,1,0
BRDA:34,11,0,1
BRDA:34,11,1,0
BRDA:85,12,0,0
BRDA:85,12,1,0
BRDA:95,13,0,0
BRDA:95,13,1,0
BRDA:101,14,0,0
BRDA:101,14,1,0
BRDA:110,15,0,0
BRDA:110,15,1,1
BRF:32
BRH:13
end_of_record
