{"/Users/liuwei/Desktop/xr-react/src/components/lib/Upload.tsx": {"path":"/Users/liuwei/Desktop/xr-react/src/components/lib/Upload.tsx","statementMap":{"0":{"start":{"line":1,"column":0},"end":{"line":1,"column":25}},"1":{"start":{"line":2,"column":0},"end":{"line":2,"column":29}},"2":{"start":{"line":3,"column":0},"end":{"line":3,"column":58}},"3":{"start":{"line":5,"column":11},"end":{"line":5,"column":19}},"4":{"start":{"line":21,"column":16},"end":{"line":147,"column":1}},"5":{"start":{"line":35,"column":6},"end":{"line":35,"column":12}},"6":{"start":{"line":23,"column":12},"end":{"line":23,"column":null}},"7":{"start":{"line":24,"column":15},"end":{"line":24,"column":null}},"8":{"start":{"line":25,"column":14},"end":{"line":25,"column":null}},"9":{"start":{"line":26,"column":16},"end":{"line":26,"column":null}},"10":{"start":{"line":27,"column":18},"end":{"line":27,"column":null}},"11":{"start":{"line":28,"column":21},"end":{"line":28,"column":null}},"12":{"start":{"line":29,"column":20},"end":{"line":29,"column":null}},"13":{"start":{"line":30,"column":15},"end":{"line":30,"column":null}},"14":{"start":{"line":31,"column":16},"end":{"line":31,"column":null}},"15":{"start":{"line":32,"column":13},"end":{"line":32,"column":null}},"16":{"start":{"line":33,"column":13},"end":{"line":33,"column":null}},"17":{"start":{"line":34,"column":12},"end":{"line":34,"column":null}},"18":{"start":{"line":34,"column":21},"end":{"line":34,"column":null}},"19":{"start":{"line":36,"column":17},"end":{"line":48,"column":4}},"20":{"start":{"line":38,"column":24},"end":{"line":38,"column":73}},"21":{"start":{"line":39,"column":6},"end":{"line":45,"column":10}},"22":{"start":{"line":39,"column":40},"end":{"line":45,"column":9}},"23":{"start":{"line":49,"column":2},"end":{"line":52,"column":5}},"24":{"start":{"line":51,"column":4},"end":{"line":51,"column":21}},"25":{"start":{"line":53,"column":2},"end":{"line":56,"column":5}},"26":{"start":{"line":55,"column":4},"end":{"line":55,"column":20}},"27":{"start":{"line":57,"column":2},"end":{"line":60,"column":5}},"28":{"start":{"line":59,"column":4},"end":{"line":59,"column":22}},"29":{"start":{"line":61,"column":2},"end":{"line":64,"column":5}},"30":{"start":{"line":63,"column":4},"end":{"line":63,"column":24}},"31":{"start":{"line":65,"column":2},"end":{"line":68,"column":5}},"32":{"start":{"line":67,"column":4},"end":{"line":67,"column":27}},"33":{"start":{"line":69,"column":2},"end":{"line":72,"column":5}},"34":{"start":{"line":71,"column":4},"end":{"line":71,"column":26}},"35":{"start":{"line":73,"column":2},"end":{"line":76,"column":5}},"36":{"start":{"line":75,"column":4},"end":{"line":75,"column":21}},"37":{"start":{"line":77,"column":2},"end":{"line":80,"column":5}},"38":{"start":{"line":79,"column":4},"end":{"line":79,"column":22}},"39":{"start":{"line":81,"column":23},"end":{"line":106,"column":3}},"40":{"start":{"line":82,"column":22},"end":{"line":82,"column":31}},"41":{"start":{"line":83,"column":17},"end":{"line":83,"column":21}},"42":{"start":{"line":84,"column":4},"end":{"line":84,"column":24}},"43":{"start":{"line":85,"column":4},"end":{"line":87,"column":null}},"44":{"start":{"line":86,"column":6},"end":{"line":86,"column":13}},"45":{"start":{"line":88,"column":27},"end":{"line":88,"column":29}},"46":{"start":{"line":90,"column":19},"end":{"line":90,"column":27}},"47":{"start":{"line":91,"column":21},"end":{"line":91,"column":37}},"48":{"start":{"line":92,"column":6},"end":{"line":92,"column":37}},"49":{"start":{"line":94,"column":6},"end":{"line":104,"column":8}},"50":{"start":{"line":95,"column":8},"end":{"line":99,"column":null}},"51":{"start":{"line":96,"column":10},"end":{"line":96,"column":45}},"52":{"start":{"line":98,"column":10},"end":{"line":98,"column":33}},"53":{"start":{"line":100,"column":8},"end":{"line":100,"column":27}},"54":{"start":{"line":101,"column":8},"end":{"line":103,"column":null}},"55":{"start":{"line":102,"column":10},"end":{"line":102,"column":62}},"56":{"start":{"line":89,"column":4},"end":{"line":105,"column":null}},"57":{"start":{"line":89,"column":17},"end":{"line":89,"column":18}},"58":{"start":{"line":89,"column":26},"end":{"line":89,"column":38}},"59":{"start":{"line":89,"column":13},"end":{"line":89,"column":26}},"60":{"start":{"line":107,"column":2},"end":{"line":146,"column":4}},"61":{"start":{"line":149,"column":0},"end":{"line":149,"column":null}}},"fnMap":{"0":{"name":"(anonymous_1)","decl":{"start":{"line":5,"column":11},"end":{"line":5,"column":18}},"loc":{"start":{"line":5,"column":11},"end":{"line":5,"column":19}}},"1":{"name":"(anonymous_2)","decl":{"start":{"line":21,"column":16},"end":{"line":21,"column":17}},"loc":{"start":{"line":21,"column":29},"end":{"line":147,"column":1}}},"2":{"name":"(anonymous_3)","decl":{"start":{"line":34,"column":15},"end":{"line":34,"column":21}},"loc":{"start":{"line":34,"column":15},"end":{"line":34,"column":25}}},"3":{"name":"(anonymous_4)","decl":{"start":{"line":37,"column":11},"end":{"line":37,"column":null}},"loc":{"start":{"line":37,"column":11},"end":{"line":46,"column":5}}},"4":{"name":"(anonymous_5)","decl":{"start":{"line":39,"column":31},"end":{"line":39,"column":32}},"loc":{"start":{"line":39,"column":35},"end":{"line":39,"column":41}}},"5":{"name":"(anonymous_6)","decl":{"start":{"line":49,"column":28},"end":{"line":49,"column":29}},"loc":{"start":{"line":49,"column":32},"end":{"line":52,"column":3}}},"6":{"name":"(anonymous_7)","decl":{"start":{"line":53,"column":27},"end":{"line":53,"column":28}},"loc":{"start":{"line":53,"column":31},"end":{"line":56,"column":3}}},"7":{"name":"(anonymous_8)","decl":{"start":{"line":57,"column":29},"end":{"line":57,"column":30}},"loc":{"start":{"line":57,"column":33},"end":{"line":60,"column":3}}},"8":{"name":"(anonymous_9)","decl":{"start":{"line":61,"column":31},"end":{"line":61,"column":32}},"loc":{"start":{"line":61,"column":35},"end":{"line":64,"column":3}}},"9":{"name":"(anonymous_10)","decl":{"start":{"line":65,"column":35},"end":{"line":65,"column":36}},"loc":{"start":{"line":65,"column":39},"end":{"line":68,"column":3}}},"10":{"name":"(anonymous_11)","decl":{"start":{"line":69,"column":34},"end":{"line":69,"column":35}},"loc":{"start":{"line":69,"column":38},"end":{"line":72,"column":3}}},"11":{"name":"(anonymous_12)","decl":{"start":{"line":73,"column":28},"end":{"line":73,"column":29}},"loc":{"start":{"line":73,"column":32},"end":{"line":76,"column":3}}},"12":{"name":"(anonymous_13)","decl":{"start":{"line":77,"column":29},"end":{"line":77,"column":30}},"loc":{"start":{"line":77,"column":33},"end":{"line":80,"column":3}}},"13":{"name":"(anonymous_14)","decl":{"start":{"line":81,"column":23},"end":{"line":81,"column":24}},"loc":{"start":{"line":81,"column":30},"end":{"line":106,"column":3}}},"14":{"name":"(anonymous_16)","decl":{"start":{"line":94,"column":22},"end":{"line":94,"column":32}},"loc":{"start":{"line":94,"column":37},"end":{"line":104,"column":7}}}},"branchMap":{"0":{"loc":{"start":{"line":23,"column":15},"end":{"line":23,"column":20}},"type":"cond-expr","locations":[{"start":{"line":23,"column":15},"end":{"line":23,"column":20}},{"start":{"line":23,"column":20},"end":{"line":23,"column":null}}]},"1":{"loc":{"start":{"line":24,"column":18},"end":{"line":24,"column":20}},"type":"cond-expr","locations":[{"start":{"line":24,"column":18},"end":{"line":24,"column":20}},{"start":{"line":24,"column":20},"end":{"line":24,"column":null}}]},"2":{"loc":{"start":{"line":25,"column":17},"end":{"line":25,"column":19}},"type":"cond-expr","locations":[{"start":{"line":25,"column":17},"end":{"line":25,"column":19}},{"start":{"line":25,"column":19},"end":{"line":25,"column":null}}]},"3":{"loc":{"start":{"line":26,"column":19},"end":{"line":26,"column":21}},"type":"cond-expr","locations":[{"start":{"line":26,"column":19},"end":{"line":26,"column":21}},{"start":{"line":26,"column":21},"end":{"line":26,"column":null}}]},"4":{"loc":{"start":{"line":27,"column":21},"end":{"line":27,"column":23}},"type":"cond-expr","locations":[{"start":{"line":27,"column":21},"end":{"line":27,"column":23}},{"start":{"line":27,"column":23},"end":{"line":27,"column":null}}]},"5":{"loc":{"start":{"line":28,"column":24},"end":{"line":28,"column":26}},"type":"cond-expr","locations":[{"start":{"line":28,"column":24},"end":{"line":28,"column":26}},{"start":{"line":28,"column":26},"end":{"line":28,"column":null}}]},"6":{"loc":{"start":{"line":29,"column":23},"end":{"line":29,"column":25}},"type":"cond-expr","locations":[{"start":{"line":29,"column":23},"end":{"line":29,"column":25}},{"start":{"line":29,"column":25},"end":{"line":29,"column":null}}]},"7":{"loc":{"start":{"line":30,"column":18},"end":{"line":30,"column":20}},"type":"cond-expr","locations":[{"start":{"line":30,"column":18},"end":{"line":30,"column":20}},{"start":{"line":30,"column":20},"end":{"line":30,"column":null}}]},"8":{"loc":{"start":{"line":31,"column":19},"end":{"line":31,"column":21}},"type":"cond-expr","locations":[{"start":{"line":31,"column":19},"end":{"line":31,"column":21}},{"start":{"line":31,"column":21},"end":{"line":31,"column":null}}]},"9":{"loc":{"start":{"line":32,"column":16},"end":{"line":32,"column":18}},"type":"cond-expr","locations":[{"start":{"line":32,"column":16},"end":{"line":32,"column":18}},{"start":{"line":32,"column":18},"end":{"line":32,"column":null}}]},"10":{"loc":{"start":{"line":33,"column":16},"end":{"line":33,"column":21}},"type":"cond-expr","locations":[{"start":{"line":33,"column":16},"end":{"line":33,"column":21}},{"start":{"line":33,"column":21},"end":{"line":33,"column":null}}]},"11":{"loc":{"start":{"line":34,"column":15},"end":{"line":34,"column":25}},"type":"cond-expr","locations":[{"start":{"line":34,"column":15},"end":{"line":34,"column":25}},{"start":{"line":34,"column":25},"end":{"line":34,"column":null}}]},"12":{"loc":{"start":{"line":85,"column":4},"end":{"line":87,"column":null}},"type":"if","locations":[{"start":{"line":85,"column":4},"end":{"line":87,"column":null}},{"start":{"line":85,"column":4},"end":{"line":87,"column":null}}]},"13":{"loc":{"start":{"line":95,"column":8},"end":{"line":99,"column":null}},"type":"if","locations":[{"start":{"line":95,"column":8},"end":{"line":99,"column":null}},{"start":{"line":95,"column":8},"end":{"line":99,"column":null}}]},"14":{"loc":{"start":{"line":101,"column":8},"end":{"line":103,"column":null}},"type":"if","locations":[{"start":{"line":101,"column":8},"end":{"line":103,"column":null}},{"start":{"line":101,"column":8},"end":{"line":103,"column":null}}]},"15":{"loc":{"start":{"line":115,"column":25},"end":{"line":115,"column":39}},"type":"cond-expr","locations":[{"start":{"line":115,"column":25},"end":{"line":115,"column":39}},{"start":{"line":116,"column":10},"end":{"line":125,"column":null}}]}},"s":{"0":1,"1":1,"2":1,"3":1,"4":1,"5":24,"6":2,"7":2,"8":2,"9":2,"10":2,"11":2,"12":2,"13":2,"14":2,"15":2,"16":2,"17":2,"18":0,"19":2,"20":0,"21":0,"22":0,"23":2,"24":0,"25":2,"26":0,"27":2,"28":0,"29":2,"30":0,"31":2,"32":0,"33":2,"34":0,"35":2,"36":0,"37":2,"38":0,"39":2,"40":1,"41":1,"42":1,"43":1,"44":1,"45":0,"46":0,"47":0,"48":0,"49":0,"50":0,"51":0,"52":0,"53":0,"54":0,"55":0,"56":0,"57":0,"58":0,"59":0,"60":2,"61":1},"f":{"0":0,"1":2,"2":0,"3":0,"4":0,"5":0,"6":0,"7":0,"8":0,"9":0,"10":0,"11":0,"12":0,"13":1,"14":0},"b":{"0":[0,2],"1":[0,2],"2":[0,2],"3":[0,2],"4":[0,2],"5":[0,2],"6":[0,2],"7":[0,2],"8":[0,2],"9":[0,2],"10":[0,2],"11":[0,2],"12":[1,0],"13":[0,0],"14":[0,0],"15":[2,0]}}
,"/Users/liuwei/Desktop/xr-react/src/components/lib/filters/filters.tsx": {"path":"/Users/liuwei/Desktop/xr-react/src/components/lib/filters/filters.tsx","statementMap":{"0":{"start":{"line":1,"column":0},"end":{"line":1,"column":65}},"1":{"start":{"line":2,"column":0},"end":{"line":2,"column":null}},"2":{"start":{"line":7,"column":19},"end":{"line":7,"column":26}},"3":{"start":{"line":8,"column":24},"end":{"line":8,"column":35}},"4":{"start":{"line":10,"column":0},"end":{"line":114,"column":2}},"5":{"start":{"line":13,"column":6},"end":{"line":13,"column":12}},"6":{"start":{"line":12,"column":11},"end":{"line":12,"column":18}},"7":{"start":{"line":12,"column":23},"end":{"line":12,"column":30}},"8":{"start":{"line":14,"column":28},"end":{"line":14,"column":43}},"9":{"start":{"line":14,"column":14},"end":{"line":14,"column":16}},"10":{"start":{"line":14,"column":24},"end":{"line":14,"column":28}},"11":{"start":{"line":15,"column":23},"end":{"line":24,"column":3}},"12":{"start":{"line":17,"column":4},"end":{"line":21,"column":null}},"13":{"start":{"line":18,"column":6},"end":{"line":18,"column":35}},"14":{"start":{"line":20,"column":6},"end":{"line":20,"column":34}},"15":{"start":{"line":22,"column":4},"end":{"line":22,"column":22}},"16":{"start":{"line":23,"column":4},"end":{"line":23,"column":38}},"17":{"start":{"line":25,"column":21},"end":{"line":25,"column":34}},"18":{"start":{"line":25,"column":27},"end":{"line":87,"column":5}},"19":{"start":{"line":28,"column":8},"end":{"line":28,"column":13}},"20":{"start":{"line":27,"column":25},"end":{"line":27,"column":32}},"21":{"start":{"line":27,"column":47},"end":{"line":28,"column":8}},"22":{"start":{"line":29,"column":15},"end":{"line":29,"column":19}},"23":{"start":{"line":30,"column":4},"end":{"line":81,"column":null}},"24":{"start":{"line":32,"column":8},"end":{"line":39,"column":10}},"25":{"start":{"line":35,"column":29},"end":{"line":35,"column":null}},"26":{"start":{"line":40,"column":8},"end":{"line":40,"column":14}},"27":{"start":{"line":43,"column":8},"end":{"line":51,"column":10}},"28":{"start":{"line":44,"column":66},"end":{"line":44,"column":89}},"29":{"start":{"line":46,"column":40},"end":{"line":48,"column":18}},"30":{"start":{"line":52,"column":8},"end":{"line":52,"column":14}},"31":{"start":{"line":55,"column":8},"end":{"line":55,"column":126}},"32":{"start":{"line":55,"column":90},"end":{"line":55,"column":117}},"33":{"start":{"line":56,"column":8},"end":{"line":56,"column":14}},"34":{"start":{"line":59,"column":8},"end":{"line":59,"column":127}},"35":{"start":{"line":59,"column":91},"end":{"line":59,"column":118}},"36":{"start":{"line":60,"column":8},"end":{"line":60,"column":14}},"37":{"start":{"line":63,"column":8},"end":{"line":75,"column":null}},"38":{"start":{"line":64,"column":28},"end":{"line":64,"column":36}},"39":{"start":{"line":65,"column":17},"end":{"line":65,"column":18}},"40":{"start":{"line":66,"column":10},"end":{"line":73,"column":null}},"41":{"start":{"line":67,"column":12},"end":{"line":67,"column":28}},"42":{"start":{"line":69,"column":12},"end":{"line":72,"column":15}},"43":{"start":{"line":71,"column":36},"end":{"line":71,"column":null}},"44":{"start":{"line":74,"column":10},"end":{"line":74,"column":21}},"45":{"start":{"line":76,"column":8},"end":{"line":76,"column":14}},"46":{"start":{"line":79,"column":8},"end":{"line":79,"column":20}},"47":{"start":{"line":82,"column":4},"end":{"line":86,"column":6}},"48":{"start":{"line":88,"column":23},"end":{"line":90,"column":3}},"49":{"start":{"line":89,"column":4},"end":{"line":89,"column":15}},"50":{"start":{"line":91,"column":2},"end":{"line":96,"column":21}},"51":{"start":{"line":92,"column":4},"end":{"line":95,"column":null}},"52":{"start":{"line":93,"column":6},"end":{"line":93,"column":21}},"53":{"start":{"line":94,"column":6},"end":{"line":94,"column":22}},"54":{"start":{"line":97,"column":22},"end":{"line":100,"column":3}},"55":{"start":{"line":98,"column":4},"end":{"line":98,"column":17}},"56":{"start":{"line":99,"column":4},"end":{"line":99,"column":19}},"57":{"start":{"line":101,"column":2},"end":{"line":113,"column":4}}},"fnMap":{"0":{"name":"(anonymous_9)","decl":{"start":{"line":10,"column":15},"end":{"line":10,"column":16}},"loc":{"start":{"line":10,"column":28},"end":{"line":114,"column":1}}},"1":{"name":"(anonymous_10)","decl":{"start":{"line":15,"column":23},"end":{"line":15,"column":24}},"loc":{"start":{"line":15,"column":44},"end":{"line":24,"column":3}}},"2":{"name":"(anonymous_11)","decl":{"start":{"line":25,"column":21},"end":{"line":25,"column":27}},"loc":{"start":{"line":25,"column":21},"end":{"line":25,"column":34}}},"3":{"name":"(anonymous_12)","decl":{"start":{"line":25,"column":39},"end":{"line":25,"column":40}},"loc":{"start":{"line":25,"column":71},"end":{"line":87,"column":3}}},"4":{"name":"(anonymous_13)","decl":{"start":{"line":35,"column":22},"end":{"line":35,"column":23}},"loc":{"start":{"line":35,"column":24},"end":{"line":35,"column":41}}},"5":{"name":"(anonymous_14)","decl":{"start":{"line":44,"column":59},"end":{"line":44,"column":60}},"loc":{"start":{"line":44,"column":61},"end":{"line":44,"column":78}}},"6":{"name":"(anonymous_15)","decl":{"start":{"line":46,"column":28},"end":{"line":46,"column":29}},"loc":{"start":{"line":46,"column":35},"end":{"line":46,"column":null}}},"7":{"name":"(anonymous_16)","decl":{"start":{"line":55,"column":83},"end":{"line":55,"column":84}},"loc":{"start":{"line":55,"column":85},"end":{"line":55,"column":102}}},"8":{"name":"(anonymous_17)","decl":{"start":{"line":59,"column":84},"end":{"line":59,"column":85}},"loc":{"start":{"line":59,"column":86},"end":{"line":59,"column":103}}},"9":{"name":"(anonymous_18)","decl":{"start":{"line":71,"column":24},"end":{"line":71,"column":25}},"loc":{"start":{"line":71,"column":31},"end":{"line":71,"column":48}}},"10":{"name":"(anonymous_19)","decl":{"start":{"line":88,"column":23},"end":{"line":88,"column":null}},"loc":{"start":{"line":88,"column":23},"end":{"line":90,"column":3}}},"11":{"name":"(anonymous_20)","decl":{"start":{"line":91,"column":12},"end":{"line":91,"column":null}},"loc":{"start":{"line":91,"column":12},"end":{"line":96,"column":3}}},"12":{"name":"(anonymous_21)","decl":{"start":{"line":97,"column":22},"end":{"line":97,"column":null}},"loc":{"start":{"line":97,"column":22},"end":{"line":100,"column":3}}}},"branchMap":{"0":{"loc":{"start":{"line":12,"column":14},"end":{"line":12,"column":16}},"type":"cond-expr","locations":[{"start":{"line":12,"column":14},"end":{"line":12,"column":16}},{"start":{"line":12,"column":16},"end":{"line":12,"column":18}}]},"1":{"loc":{"start":{"line":12,"column":26},"end":{"line":12,"column":28}},"type":"cond-expr","locations":[{"start":{"line":12,"column":26},"end":{"line":12,"column":28}},{"start":{"line":12,"column":28},"end":{"line":12,"column":30}}]},"2":{"loc":{"start":{"line":17,"column":4},"end":{"line":21,"column":null}},"type":"if","locations":[{"start":{"line":17,"column":4},"end":{"line":21,"column":null}},{"start":{"line":17,"column":4},"end":{"line":21,"column":null}}]},"3":{"loc":{"start":{"line":17,"column":17},"end":{"line":17,"column":19}},"type":"cond-expr","locations":[{"start":{"line":17,"column":17},"end":{"line":17,"column":19}},{"start":{"line":17,"column":17},"end":{"line":17,"column":27}}]},"4":{"loc":{"start":{"line":17,"column":8},"end":{"line":17,"column":19}},"type":"binary-expr","locations":[{"start":{"line":17,"column":8},"end":{"line":17,"column":19}},{"start":{"line":17,"column":17},"end":{"line":17,"column":19}}]},"5":{"loc":{"start":{"line":17,"column":9},"end":{"line":17,"column":11}},"type":"cond-expr","locations":[{"start":{"line":17,"column":9},"end":{"line":17,"column":11}},{"start":{"line":17,"column":8},"end":{"line":17,"column":17}}]},"6":{"loc":{"start":{"line":17,"column":8},"end":{"line":17,"column":11}},"type":"binary-expr","locations":[{"start":{"line":17,"column":8},"end":{"line":17,"column":11}},{"start":{"line":17,"column":8},"end":{"line":17,"column":11}}]},"7":{"loc":{"start":{"line":18,"column":12},"end":{"line":18,"column":28}},"type":"binary-expr","locations":[{"start":{"line":18,"column":12},"end":{"line":18,"column":28}},{"start":{"line":18,"column":32},"end":{"line":18,"column":34}}]},"8":{"loc":{"start":{"line":18,"column":21},"end":{"line":18,"column":23}},"type":"cond-expr","locations":[{"start":{"line":18,"column":21},"end":{"line":18,"column":23}},{"start":{"line":18,"column":21},"end":{"line":18,"column":28}}]},"9":{"loc":{"start":{"line":18,"column":12},"end":{"line":18,"column":23}},"type":"binary-expr","locations":[{"start":{"line":18,"column":12},"end":{"line":18,"column":23}},{"start":{"line":18,"column":21},"end":{"line":18,"column":23}}]},"10":{"loc":{"start":{"line":18,"column":13},"end":{"line":18,"column":15}},"type":"cond-expr","locations":[{"start":{"line":18,"column":13},"end":{"line":18,"column":15}},{"start":{"line":18,"column":12},"end":{"line":18,"column":21}}]},"11":{"loc":{"start":{"line":18,"column":12},"end":{"line":18,"column":15}},"type":"binary-expr","locations":[{"start":{"line":18,"column":12},"end":{"line":18,"column":15}},{"start":{"line":18,"column":12},"end":{"line":18,"column":15}}]},"12":{"loc":{"start":{"line":20,"column":12},"end":{"line":20,"column":28}},"type":"binary-expr","locations":[{"start":{"line":20,"column":12},"end":{"line":20,"column":28}},{"start":{"line":20,"column":32},"end":{"line":20,"column":33}}]},"13":{"loc":{"start":{"line":20,"column":21},"end":{"line":20,"column":23}},"type":"cond-expr","locations":[{"start":{"line":20,"column":21},"end":{"line":20,"column":23}},{"start":{"line":20,"column":21},"end":{"line":20,"column":28}}]},"14":{"loc":{"start":{"line":20,"column":12},"end":{"line":20,"column":23}},"type":"binary-expr","locations":[{"start":{"line":20,"column":12},"end":{"line":20,"column":23}},{"start":{"line":20,"column":21},"end":{"line":20,"column":23}}]},"15":{"loc":{"start":{"line":20,"column":13},"end":{"line":20,"column":15}},"type":"cond-expr","locations":[{"start":{"line":20,"column":13},"end":{"line":20,"column":15}},{"start":{"line":20,"column":12},"end":{"line":20,"column":21}}]},"16":{"loc":{"start":{"line":20,"column":12},"end":{"line":20,"column":15}},"type":"binary-expr","locations":[{"start":{"line":20,"column":12},"end":{"line":20,"column":15}},{"start":{"line":20,"column":12},"end":{"line":20,"column":15}}]},"17":{"loc":{"start":{"line":27,"column":28},"end":{"line":27,"column":30}},"type":"cond-expr","locations":[{"start":{"line":27,"column":28},"end":{"line":27,"column":30}},{"start":{"line":27,"column":30},"end":{"line":27,"column":32}}]},"18":{"loc":{"start":{"line":31,"column":6},"end":{"line":41,"column":null}},"type":"switch","locations":[{"start":{"line":31,"column":6},"end":{"line":41,"column":null}},{"start":{"line":42,"column":6},"end":{"line":53,"column":null}},{"start":{"line":54,"column":6},"end":{"line":57,"column":null}},{"start":{"line":58,"column":6},"end":{"line":61,"column":null}},{"start":{"line":62,"column":6},"end":{"line":77,"column":null}},{"start":{"line":78,"column":6},"end":{"line":80,"column":null}}]},"19":{"loc":{"start":{"line":63,"column":8},"end":{"line":75,"column":null}},"type":"if","locations":[{"start":{"line":63,"column":8},"end":{"line":75,"column":null}},{"start":{"line":63,"column":8},"end":{"line":75,"column":null}}]},"20":{"loc":{"start":{"line":66,"column":10},"end":{"line":73,"column":null}},"type":"if","locations":[{"start":{"line":66,"column":10},"end":{"line":73,"column":null}},{"start":{"line":66,"column":10},"end":{"line":73,"column":null}}]},"21":{"loc":{"start":{"line":83,"column":44},"end":{"line":83,"column":53}},"type":"binary-expr","locations":[{"start":{"line":83,"column":44},"end":{"line":83,"column":53}},{"start":{"line":83,"column":57},"end":{"line":83,"column":62}}]},"22":{"loc":{"start":{"line":83,"column":89},"end":{"line":83,"column":90}},"type":"cond-expr","locations":[{"start":{"line":83,"column":89},"end":{"line":83,"column":90}},{"start":{"line":83,"column":93},"end":{"line":83,"column":94}}]},"23":{"loc":{"start":{"line":92,"column":4},"end":{"line":95,"column":null}},"type":"if","locations":[{"start":{"line":92,"column":4},"end":{"line":95,"column":null}},{"start":{"line":92,"column":4},"end":{"line":95,"column":null}}]},"24":{"loc":{"start":{"line":92,"column":8},"end":{"line":92,"column":13}},"type":"binary-expr","locations":[{"start":{"line":92,"column":8},"end":{"line":92,"column":13}},{"start":{"line":92,"column":17},"end":{"line":92,"column":47}}]}},"s":{"0":1,"1":1,"2":1,"3":1,"4":1,"5":0,"6":0,"7":0,"8":0,"9":0,"10":0,"11":0,"12":0,"13":0,"14":0,"15":0,"16":0,"17":0,"18":0,"19":0,"20":0,"21":0,"22":0,"23":0,"24":0,"25":0,"26":0,"27":0,"28":0,"29":0,"30":0,"31":0,"32":0,"33":0,"34":0,"35":0,"36":0,"37":0,"38":0,"39":0,"40":0,"41":0,"42":0,"43":0,"44":0,"45":0,"46":0,"47":0,"48":0,"49":0,"50":0,"51":0,"52":0,"53":0,"54":0,"55":0,"56":0,"57":0},"f":{"0":0,"1":0,"2":0,"3":0,"4":0,"5":0,"6":0,"7":0,"8":0,"9":0,"10":0,"11":0,"12":0},"b":{"0":[0,0],"1":[0,0],"2":[0,0],"3":[0,0],"4":[0,0],"5":[0,0],"6":[0,0],"7":[0,0],"8":[0,0],"9":[0,0],"10":[0,0],"11":[0,0],"12":[0,0],"13":[0,0],"14":[0,0],"15":[0,0],"16":[0,0],"17":[0,0],"18":[0,0,0,0,0,0],"19":[0,0],"20":[0,0],"21":[0,0],"22":[0,0],"23":[0,0],"24":[0,0]}}
,"/Users/liuwei/Desktop/xr-react/src/components/lib/filters/index.ts": {"path":"/Users/liuwei/Desktop/xr-react/src/components/lib/filters/index.ts","statementMap":{"0":{"start":{"line":1,"column":0},"end":{"line":1,"column":31}},"1":{"start":{"line":3,"column":0},"end":{"line":3,"column":null}},"2":{"start":{"line":5,"column":0},"end":{"line":5,"column":27}}},"fnMap":{},"branchMap":{},"s":{"0":1,"1":1,"2":1},"f":{},"b":{}}
}
