{"/Users/liuwei/Desktop/xr-react/src/components/index.tsx": {"path":"/Users/liuwei/Desktop/xr-react/src/components/index.tsx","statementMap":{"0":{"start":{"line":1,"column":0},"end":{"line":1,"column":7}},"1":{"start":{"line":5,"column":9},"end":{"line":1,"column":34}},"2":{"start":{"line":2,"column":0},"end":{"line":2,"column":7}},"3":{"start":{"line":5,"column":17},"end":{"line":2,"column":36}},"4":{"start":{"line":3,"column":0},"end":{"line":3,"column":7}},"5":{"start":{"line":5,"column":26},"end":{"line":3,"column":30}}},"fnMap":{},"branchMap":{},"s":{"0":2,"1":2,"2":2,"3":2,"4":2,"5":2},"f":{},"b":{}}
,"/Users/liuwei/Desktop/xr-react/src/components/lib/filters/filters.tsx": {"path":"/Users/liuwei/Desktop/xr-react/src/components/lib/filters/filters.tsx","statementMap":{"0":{"start":{"line":1,"column":0},"end":{"line":1,"column":65}},"1":{"start":{"line":2,"column":0},"end":{"line":2,"column":null}},"2":{"start":{"line":7,"column":19},"end":{"line":7,"column":26}},"3":{"start":{"line":8,"column":24},"end":{"line":8,"column":35}},"4":{"start":{"line":10,"column":0},"end":{"line":113,"column":2}},"5":{"start":{"line":13,"column":6},"end":{"line":13,"column":12}},"6":{"start":{"line":12,"column":11},"end":{"line":12,"column":18}},"7":{"start":{"line":12,"column":23},"end":{"line":12,"column":30}},"8":{"start":{"line":14,"column":28},"end":{"line":14,"column":43}},"9":{"start":{"line":14,"column":14},"end":{"line":14,"column":16}},"10":{"start":{"line":14,"column":24},"end":{"line":14,"column":28}},"11":{"start":{"line":15,"column":23},"end":{"line":24,"column":3}},"12":{"start":{"line":17,"column":4},"end":{"line":21,"column":null}},"13":{"start":{"line":18,"column":6},"end":{"line":18,"column":35}},"14":{"start":{"line":20,"column":6},"end":{"line":20,"column":34}},"15":{"start":{"line":22,"column":4},"end":{"line":22,"column":22}},"16":{"start":{"line":23,"column":4},"end":{"line":23,"column":38}},"17":{"start":{"line":25,"column":21},"end":{"line":25,"column":34}},"18":{"start":{"line":25,"column":27},"end":{"line":86,"column":5}},"19":{"start":{"line":28,"column":8},"end":{"line":28,"column":13}},"20":{"start":{"line":27,"column":25},"end":{"line":27,"column":32}},"21":{"start":{"line":27,"column":47},"end":{"line":28,"column":8}},"22":{"start":{"line":29,"column":15},"end":{"line":29,"column":19}},"23":{"start":{"line":30,"column":4},"end":{"line":80,"column":null}},"24":{"start":{"line":32,"column":8},"end":{"line":39,"column":10}},"25":{"start":{"line":35,"column":29},"end":{"line":35,"column":null}},"26":{"start":{"line":40,"column":8},"end":{"line":40,"column":14}},"27":{"start":{"line":43,"column":8},"end":{"line":49,"column":null}},"28":{"start":{"line":43,"column":71},"end":{"line":43,"column":94}},"29":{"start":{"line":45,"column":40},"end":{"line":47,"column":18}},"30":{"start":{"line":51,"column":8},"end":{"line":51,"column":14}},"31":{"start":{"line":54,"column":8},"end":{"line":54,"column":126}},"32":{"start":{"line":54,"column":90},"end":{"line":54,"column":117}},"33":{"start":{"line":55,"column":8},"end":{"line":55,"column":14}},"34":{"start":{"line":58,"column":8},"end":{"line":58,"column":127}},"35":{"start":{"line":58,"column":91},"end":{"line":58,"column":118}},"36":{"start":{"line":59,"column":8},"end":{"line":59,"column":14}},"37":{"start":{"line":62,"column":8},"end":{"line":74,"column":null}},"38":{"start":{"line":63,"column":28},"end":{"line":63,"column":36}},"39":{"start":{"line":64,"column":17},"end":{"line":64,"column":18}},"40":{"start":{"line":65,"column":10},"end":{"line":72,"column":null}},"41":{"start":{"line":66,"column":12},"end":{"line":66,"column":28}},"42":{"start":{"line":68,"column":12},"end":{"line":71,"column":15}},"43":{"start":{"line":70,"column":36},"end":{"line":70,"column":null}},"44":{"start":{"line":73,"column":10},"end":{"line":73,"column":21}},"45":{"start":{"line":75,"column":8},"end":{"line":75,"column":14}},"46":{"start":{"line":78,"column":8},"end":{"line":78,"column":20}},"47":{"start":{"line":81,"column":4},"end":{"line":85,"column":6}},"48":{"start":{"line":87,"column":23},"end":{"line":89,"column":3}},"49":{"start":{"line":88,"column":4},"end":{"line":88,"column":15}},"50":{"start":{"line":90,"column":2},"end":{"line":95,"column":21}},"51":{"start":{"line":91,"column":4},"end":{"line":94,"column":null}},"52":{"start":{"line":92,"column":6},"end":{"line":92,"column":21}},"53":{"start":{"line":93,"column":6},"end":{"line":93,"column":22}},"54":{"start":{"line":96,"column":22},"end":{"line":99,"column":3}},"55":{"start":{"line":97,"column":4},"end":{"line":97,"column":17}},"56":{"start":{"line":98,"column":4},"end":{"line":98,"column":19}},"57":{"start":{"line":100,"column":2},"end":{"line":112,"column":4}}},"fnMap":{"0":{"name":"(anonymous_9)","decl":{"start":{"line":10,"column":15},"end":{"line":10,"column":16}},"loc":{"start":{"line":10,"column":28},"end":{"line":113,"column":1}}},"1":{"name":"(anonymous_10)","decl":{"start":{"line":15,"column":23},"end":{"line":15,"column":24}},"loc":{"start":{"line":15,"column":44},"end":{"line":24,"column":3}}},"2":{"name":"(anonymous_11)","decl":{"start":{"line":25,"column":21},"end":{"line":25,"column":27}},"loc":{"start":{"line":25,"column":21},"end":{"line":25,"column":34}}},"3":{"name":"(anonymous_12)","decl":{"start":{"line":25,"column":39},"end":{"line":25,"column":40}},"loc":{"start":{"line":25,"column":71},"end":{"line":86,"column":3}}},"4":{"name":"(anonymous_13)","decl":{"start":{"line":35,"column":22},"end":{"line":35,"column":23}},"loc":{"start":{"line":35,"column":24},"end":{"line":35,"column":41}}},"5":{"name":"(anonymous_14)","decl":{"start":{"line":43,"column":64},"end":{"line":43,"column":65}},"loc":{"start":{"line":43,"column":66},"end":{"line":43,"column":83}}},"6":{"name":"(anonymous_15)","decl":{"start":{"line":45,"column":28},"end":{"line":45,"column":29}},"loc":{"start":{"line":45,"column":35},"end":{"line":45,"column":null}}},"7":{"name":"(anonymous_16)","decl":{"start":{"line":54,"column":83},"end":{"line":54,"column":84}},"loc":{"start":{"line":54,"column":85},"end":{"line":54,"column":102}}},"8":{"name":"(anonymous_17)","decl":{"start":{"line":58,"column":84},"end":{"line":58,"column":85}},"loc":{"start":{"line":58,"column":86},"end":{"line":58,"column":103}}},"9":{"name":"(anonymous_18)","decl":{"start":{"line":70,"column":24},"end":{"line":70,"column":25}},"loc":{"start":{"line":70,"column":31},"end":{"line":70,"column":48}}},"10":{"name":"(anonymous_19)","decl":{"start":{"line":87,"column":23},"end":{"line":87,"column":null}},"loc":{"start":{"line":87,"column":23},"end":{"line":89,"column":3}}},"11":{"name":"(anonymous_20)","decl":{"start":{"line":90,"column":12},"end":{"line":90,"column":null}},"loc":{"start":{"line":90,"column":12},"end":{"line":95,"column":3}}},"12":{"name":"(anonymous_21)","decl":{"start":{"line":96,"column":22},"end":{"line":96,"column":null}},"loc":{"start":{"line":96,"column":22},"end":{"line":99,"column":3}}}},"branchMap":{"0":{"loc":{"start":{"line":12,"column":14},"end":{"line":12,"column":16}},"type":"cond-expr","locations":[{"start":{"line":12,"column":14},"end":{"line":12,"column":16}},{"start":{"line":12,"column":16},"end":{"line":12,"column":18}}]},"1":{"loc":{"start":{"line":12,"column":26},"end":{"line":12,"column":28}},"type":"cond-expr","locations":[{"start":{"line":12,"column":26},"end":{"line":12,"column":28}},{"start":{"line":12,"column":28},"end":{"line":12,"column":30}}]},"2":{"loc":{"start":{"line":17,"column":4},"end":{"line":21,"column":null}},"type":"if","locations":[{"start":{"line":17,"column":4},"end":{"line":21,"column":null}},{"start":{"line":17,"column":4},"end":{"line":21,"column":null}}]},"3":{"loc":{"start":{"line":17,"column":17},"end":{"line":17,"column":19}},"type":"cond-expr","locations":[{"start":{"line":17,"column":17},"end":{"line":17,"column":19}},{"start":{"line":17,"column":17},"end":{"line":17,"column":27}}]},"4":{"loc":{"start":{"line":17,"column":8},"end":{"line":17,"column":19}},"type":"binary-expr","locations":[{"start":{"line":17,"column":8},"end":{"line":17,"column":19}},{"start":{"line":17,"column":17},"end":{"line":17,"column":19}}]},"5":{"loc":{"start":{"line":17,"column":9},"end":{"line":17,"column":11}},"type":"cond-expr","locations":[{"start":{"line":17,"column":9},"end":{"line":17,"column":11}},{"start":{"line":17,"column":8},"end":{"line":17,"column":17}}]},"6":{"loc":{"start":{"line":17,"column":8},"end":{"line":17,"column":11}},"type":"binary-expr","locations":[{"start":{"line":17,"column":8},"end":{"line":17,"column":11}},{"start":{"line":17,"column":8},"end":{"line":17,"column":11}}]},"7":{"loc":{"start":{"line":18,"column":12},"end":{"line":18,"column":28}},"type":"binary-expr","locations":[{"start":{"line":18,"column":12},"end":{"line":18,"column":28}},{"start":{"line":18,"column":32},"end":{"line":18,"column":34}}]},"8":{"loc":{"start":{"line":18,"column":21},"end":{"line":18,"column":23}},"type":"cond-expr","locations":[{"start":{"line":18,"column":21},"end":{"line":18,"column":23}},{"start":{"line":18,"column":21},"end":{"line":18,"column":28}}]},"9":{"loc":{"start":{"line":18,"column":12},"end":{"line":18,"column":23}},"type":"binary-expr","locations":[{"start":{"line":18,"column":12},"end":{"line":18,"column":23}},{"start":{"line":18,"column":21},"end":{"line":18,"column":23}}]},"10":{"loc":{"start":{"line":18,"column":13},"end":{"line":18,"column":15}},"type":"cond-expr","locations":[{"start":{"line":18,"column":13},"end":{"line":18,"column":15}},{"start":{"line":18,"column":12},"end":{"line":18,"column":21}}]},"11":{"loc":{"start":{"line":18,"column":12},"end":{"line":18,"column":15}},"type":"binary-expr","locations":[{"start":{"line":18,"column":12},"end":{"line":18,"column":15}},{"start":{"line":18,"column":12},"end":{"line":18,"column":15}}]},"12":{"loc":{"start":{"line":20,"column":12},"end":{"line":20,"column":28}},"type":"binary-expr","locations":[{"start":{"line":20,"column":12},"end":{"line":20,"column":28}},{"start":{"line":20,"column":32},"end":{"line":20,"column":33}}]},"13":{"loc":{"start":{"line":20,"column":21},"end":{"line":20,"column":23}},"type":"cond-expr","locations":[{"start":{"line":20,"column":21},"end":{"line":20,"column":23}},{"start":{"line":20,"column":21},"end":{"line":20,"column":28}}]},"14":{"loc":{"start":{"line":20,"column":12},"end":{"line":20,"column":23}},"type":"binary-expr","locations":[{"start":{"line":20,"column":12},"end":{"line":20,"column":23}},{"start":{"line":20,"column":21},"end":{"line":20,"column":23}}]},"15":{"loc":{"start":{"line":20,"column":13},"end":{"line":20,"column":15}},"type":"cond-expr","locations":[{"start":{"line":20,"column":13},"end":{"line":20,"column":15}},{"start":{"line":20,"column":12},"end":{"line":20,"column":21}}]},"16":{"loc":{"start":{"line":20,"column":12},"end":{"line":20,"column":15}},"type":"binary-expr","locations":[{"start":{"line":20,"column":12},"end":{"line":20,"column":15}},{"start":{"line":20,"column":12},"end":{"line":20,"column":15}}]},"17":{"loc":{"start":{"line":27,"column":28},"end":{"line":27,"column":30}},"type":"cond-expr","locations":[{"start":{"line":27,"column":28},"end":{"line":27,"column":30}},{"start":{"line":27,"column":30},"end":{"line":27,"column":32}}]},"18":{"loc":{"start":{"line":31,"column":6},"end":{"line":41,"column":null}},"type":"switch","locations":[{"start":{"line":31,"column":6},"end":{"line":41,"column":null}},{"start":{"line":42,"column":6},"end":{"line":52,"column":null}},{"start":{"line":53,"column":6},"end":{"line":56,"column":null}},{"start":{"line":57,"column":6},"end":{"line":60,"column":null}},{"start":{"line":61,"column":6},"end":{"line":76,"column":null}},{"start":{"line":77,"column":6},"end":{"line":79,"column":null}}]},"19":{"loc":{"start":{"line":62,"column":8},"end":{"line":74,"column":null}},"type":"if","locations":[{"start":{"line":62,"column":8},"end":{"line":74,"column":null}},{"start":{"line":62,"column":8},"end":{"line":74,"column":null}}]},"20":{"loc":{"start":{"line":65,"column":10},"end":{"line":72,"column":null}},"type":"if","locations":[{"start":{"line":65,"column":10},"end":{"line":72,"column":null}},{"start":{"line":65,"column":10},"end":{"line":72,"column":null}}]},"21":{"loc":{"start":{"line":82,"column":44},"end":{"line":82,"column":53}},"type":"binary-expr","locations":[{"start":{"line":82,"column":44},"end":{"line":82,"column":53}},{"start":{"line":82,"column":57},"end":{"line":82,"column":62}}]},"22":{"loc":{"start":{"line":82,"column":89},"end":{"line":82,"column":90}},"type":"cond-expr","locations":[{"start":{"line":82,"column":89},"end":{"line":82,"column":90}},{"start":{"line":82,"column":93},"end":{"line":82,"column":94}}]},"23":{"loc":{"start":{"line":91,"column":4},"end":{"line":94,"column":null}},"type":"if","locations":[{"start":{"line":91,"column":4},"end":{"line":94,"column":null}},{"start":{"line":91,"column":4},"end":{"line":94,"column":null}}]},"24":{"loc":{"start":{"line":91,"column":8},"end":{"line":91,"column":13}},"type":"binary-expr","locations":[{"start":{"line":91,"column":8},"end":{"line":91,"column":13}},{"start":{"line":91,"column":17},"end":{"line":91,"column":47}}]}},"s":{"0":2,"1":2,"2":2,"3":2,"4":2,"5":12,"6":3,"7":3,"8":3,"9":3,"10":3,"11":3,"12":2,"13":2,"14":0,"15":2,"16":2,"17":3,"18":3,"19":56,"20":14,"21":14,"22":14,"23":14,"24":2,"25":1,"26":2,"27":2,"28":0,"29":2,"30":2,"31":2,"32":0,"33":2,"34":2,"35":0,"36":2,"37":4,"38":4,"39":4,"40":4,"41":2,"42":2,"43":1,"44":4,"45":4,"46":2,"47":14,"48":3,"49":1,"50":3,"51":2,"52":0,"53":0,"54":3,"55":1,"56":1,"57":3},"f":{"0":3,"1":2,"2":3,"3":14,"4":1,"5":0,"6":2,"7":0,"8":0,"9":1,"10":1,"11":2,"12":1},"b":{"0":[1,2],"1":[1,2],"2":[2,0],"3":[0,2],"4":[2,2],"5":[0,2],"6":[2,2],"7":[2,0],"8":[0,2],"9":[2,2],"10":[0,2],"11":[2,2],"12":[0,0],"13":[0,0],"14":[0,0],"15":[0,0],"16":[0,0],"17":[12,2],"18":[2,2,2,2,4,2],"19":[4,0],"20":[2,2],"21":[14,0],"22":[12,2],"23":[0,2],"24":[2,1]}}
,"/Users/liuwei/Desktop/xr-react/src/components/lib/filters/index.ts": {"path":"/Users/liuwei/Desktop/xr-react/src/components/lib/filters/index.ts","statementMap":{"0":{"start":{"line":1,"column":0},"end":{"line":1,"column":31}},"1":{"start":{"line":3,"column":0},"end":{"line":3,"column":null}},"2":{"start":{"line":5,"column":0},"end":{"line":5,"column":27}}},"fnMap":{},"branchMap":{},"s":{"0":2,"1":2,"2":2},"f":{},"b":{}}
,"/Users/liuwei/Desktop/xr-react/src/components/lib/form/form.tsx": {"path":"/Users/liuwei/Desktop/xr-react/src/components/lib/form/form.tsx","statementMap":{"0":{"start":{"line":1,"column":0},"end":{"line":1,"column":25}},"1":{"start":{"line":2,"column":0},"end":{"line":2,"column":38}},"2":{"start":{"line":4,"column":15},"end":{"line":4,"column":null}},"3":{"start":{"line":6,"column":15},"end":{"line":40,"column":1}},"4":{"start":{"line":7,"column":37},"end":{"line":7,"column":null}},"5":{"start":{"line":7,"column":17},"end":{"line":7,"column":24}},"6":{"start":{"line":7,"column":33},"end":{"line":7,"column":37}},"7":{"start":{"line":8,"column":15},"end":{"line":8,"column":29}},"8":{"start":{"line":9,"column":17},"end":{"line":12,"column":null}},"9":{"start":{"line":13,"column":23},"end":{"line":15,"column":3}},"10":{"start":{"line":16,"column":2},"end":{"line":39,"column":null}},"11":{"start":{"line":42,"column":0},"end":{"line":42,"column":null}}},"fnMap":{"0":{"name":"(anonymous_4)","decl":{"start":{"line":6,"column":15},"end":{"line":6,"column":20}},"loc":{"start":{"line":6,"column":20},"end":{"line":40,"column":1}}},"1":{"name":"(anonymous_5)","decl":{"start":{"line":13,"column":23},"end":{"line":13,"column":24}},"loc":{"start":{"line":13,"column":30},"end":{"line":15,"column":3}}}},"branchMap":{"0":{"loc":{"start":{"line":7,"column":18},"end":{"line":7,"column":20}},"type":"cond-expr","locations":[{"start":{"line":7,"column":18},"end":{"line":7,"column":20}},{"start":{"line":7,"column":20},"end":{"line":7,"column":24}}]}},"s":{"0":2,"1":2,"2":2,"3":2,"4":0,"5":0,"6":0,"7":0,"8":0,"9":0,"10":0,"11":2},"f":{"0":0,"1":0},"b":{"0":[0,0]}}
,"/Users/liuwei/Desktop/xr-react/src/components/lib/form/index.ts": {"path":"/Users/liuwei/Desktop/xr-react/src/components/lib/form/index.ts","statementMap":{"0":{"start":{"line":1,"column":0},"end":{"line":1,"column":25}},"1":{"start":{"line":3,"column":0},"end":{"line":3,"column":null}}},"fnMap":{},"branchMap":{},"s":{"0":2,"1":2},"f":{},"b":{}}
,"/Users/liuwei/Desktop/xr-react/src/components/lib/upload/index.ts": {"path":"/Users/liuwei/Desktop/xr-react/src/components/lib/upload/index.ts","statementMap":{"0":{"start":{"line":1,"column":0},"end":{"line":1,"column":29}},"1":{"start":{"line":3,"column":0},"end":{"line":3,"column":null}},"2":{"start":{"line":5,"column":0},"end":{"line":5,"column":27}}},"fnMap":{},"branchMap":{},"s":{"0":2,"1":2,"2":2},"f":{},"b":{}}
,"/Users/liuwei/Desktop/xr-react/src/components/lib/upload/upload.tsx": {"path":"/Users/liuwei/Desktop/xr-react/src/components/lib/upload/upload.tsx","statementMap":{"0":{"start":{"line":1,"column":0},"end":{"line":1,"column":25}},"1":{"start":{"line":2,"column":0},"end":{"line":2,"column":29}},"2":{"start":{"line":3,"column":0},"end":{"line":3,"column":61}},"3":{"start":{"line":6,"column":11},"end":{"line":6,"column":19}},"4":{"start":{"line":8,"column":16},"end":{"line":134,"column":1}},"5":{"start":{"line":22,"column":6},"end":{"line":22,"column":12}},"6":{"start":{"line":10,"column":12},"end":{"line":10,"column":null}},"7":{"start":{"line":11,"column":15},"end":{"line":11,"column":null}},"8":{"start":{"line":12,"column":14},"end":{"line":12,"column":null}},"9":{"start":{"line":13,"column":16},"end":{"line":13,"column":null}},"10":{"start":{"line":14,"column":18},"end":{"line":14,"column":null}},"11":{"start":{"line":15,"column":21},"end":{"line":15,"column":null}},"12":{"start":{"line":16,"column":20},"end":{"line":16,"column":null}},"13":{"start":{"line":17,"column":15},"end":{"line":17,"column":null}},"14":{"start":{"line":18,"column":16},"end":{"line":18,"column":null}},"15":{"start":{"line":19,"column":13},"end":{"line":19,"column":null}},"16":{"start":{"line":20,"column":13},"end":{"line":20,"column":null}},"17":{"start":{"line":21,"column":12},"end":{"line":21,"column":null}},"18":{"start":{"line":21,"column":21},"end":{"line":21,"column":null}},"19":{"start":{"line":23,"column":17},"end":{"line":35,"column":4}},"20":{"start":{"line":25,"column":24},"end":{"line":25,"column":73}},"21":{"start":{"line":26,"column":6},"end":{"line":32,"column":10}},"22":{"start":{"line":26,"column":40},"end":{"line":32,"column":9}},"23":{"start":{"line":36,"column":2},"end":{"line":39,"column":5}},"24":{"start":{"line":38,"column":4},"end":{"line":38,"column":21}},"25":{"start":{"line":40,"column":2},"end":{"line":43,"column":5}},"26":{"start":{"line":42,"column":4},"end":{"line":42,"column":20}},"27":{"start":{"line":44,"column":2},"end":{"line":47,"column":5}},"28":{"start":{"line":46,"column":4},"end":{"line":46,"column":22}},"29":{"start":{"line":48,"column":2},"end":{"line":51,"column":5}},"30":{"start":{"line":50,"column":4},"end":{"line":50,"column":24}},"31":{"start":{"line":52,"column":2},"end":{"line":55,"column":5}},"32":{"start":{"line":54,"column":4},"end":{"line":54,"column":27}},"33":{"start":{"line":56,"column":2},"end":{"line":59,"column":5}},"34":{"start":{"line":58,"column":4},"end":{"line":58,"column":26}},"35":{"start":{"line":60,"column":2},"end":{"line":63,"column":5}},"36":{"start":{"line":62,"column":4},"end":{"line":62,"column":21}},"37":{"start":{"line":64,"column":2},"end":{"line":67,"column":5}},"38":{"start":{"line":66,"column":4},"end":{"line":66,"column":22}},"39":{"start":{"line":68,"column":23},"end":{"line":93,"column":3}},"40":{"start":{"line":69,"column":22},"end":{"line":69,"column":31}},"41":{"start":{"line":70,"column":17},"end":{"line":70,"column":21}},"42":{"start":{"line":71,"column":4},"end":{"line":71,"column":24}},"43":{"start":{"line":72,"column":4},"end":{"line":74,"column":null}},"44":{"start":{"line":73,"column":6},"end":{"line":73,"column":13}},"45":{"start":{"line":75,"column":27},"end":{"line":75,"column":29}},"46":{"start":{"line":77,"column":19},"end":{"line":77,"column":27}},"47":{"start":{"line":78,"column":21},"end":{"line":78,"column":37}},"48":{"start":{"line":79,"column":6},"end":{"line":79,"column":37}},"49":{"start":{"line":81,"column":6},"end":{"line":91,"column":8}},"50":{"start":{"line":82,"column":8},"end":{"line":86,"column":null}},"51":{"start":{"line":83,"column":10},"end":{"line":83,"column":45}},"52":{"start":{"line":85,"column":10},"end":{"line":85,"column":33}},"53":{"start":{"line":87,"column":8},"end":{"line":87,"column":27}},"54":{"start":{"line":88,"column":8},"end":{"line":90,"column":null}},"55":{"start":{"line":89,"column":10},"end":{"line":89,"column":62}},"56":{"start":{"line":76,"column":4},"end":{"line":92,"column":null}},"57":{"start":{"line":76,"column":17},"end":{"line":76,"column":18}},"58":{"start":{"line":76,"column":26},"end":{"line":76,"column":38}},"59":{"start":{"line":76,"column":13},"end":{"line":76,"column":26}},"60":{"start":{"line":94,"column":2},"end":{"line":133,"column":4}},"61":{"start":{"line":136,"column":0},"end":{"line":136,"column":null}}},"fnMap":{"0":{"name":"(anonymous_1)","decl":{"start":{"line":6,"column":11},"end":{"line":6,"column":18}},"loc":{"start":{"line":6,"column":11},"end":{"line":6,"column":19}}},"1":{"name":"(anonymous_2)","decl":{"start":{"line":8,"column":16},"end":{"line":8,"column":17}},"loc":{"start":{"line":8,"column":29},"end":{"line":134,"column":1}}},"2":{"name":"(anonymous_3)","decl":{"start":{"line":21,"column":15},"end":{"line":21,"column":21}},"loc":{"start":{"line":21,"column":15},"end":{"line":21,"column":25}}},"3":{"name":"(anonymous_4)","decl":{"start":{"line":24,"column":11},"end":{"line":24,"column":null}},"loc":{"start":{"line":24,"column":11},"end":{"line":33,"column":5}}},"4":{"name":"(anonymous_5)","decl":{"start":{"line":26,"column":31},"end":{"line":26,"column":32}},"loc":{"start":{"line":26,"column":35},"end":{"line":26,"column":41}}},"5":{"name":"(anonymous_6)","decl":{"start":{"line":36,"column":28},"end":{"line":36,"column":29}},"loc":{"start":{"line":36,"column":32},"end":{"line":39,"column":3}}},"6":{"name":"(anonymous_7)","decl":{"start":{"line":40,"column":27},"end":{"line":40,"column":28}},"loc":{"start":{"line":40,"column":31},"end":{"line":43,"column":3}}},"7":{"name":"(anonymous_8)","decl":{"start":{"line":44,"column":29},"end":{"line":44,"column":30}},"loc":{"start":{"line":44,"column":33},"end":{"line":47,"column":3}}},"8":{"name":"(anonymous_9)","decl":{"start":{"line":48,"column":31},"end":{"line":48,"column":32}},"loc":{"start":{"line":48,"column":35},"end":{"line":51,"column":3}}},"9":{"name":"(anonymous_10)","decl":{"start":{"line":52,"column":35},"end":{"line":52,"column":36}},"loc":{"start":{"line":52,"column":39},"end":{"line":55,"column":3}}},"10":{"name":"(anonymous_11)","decl":{"start":{"line":56,"column":34},"end":{"line":56,"column":35}},"loc":{"start":{"line":56,"column":38},"end":{"line":59,"column":3}}},"11":{"name":"(anonymous_12)","decl":{"start":{"line":60,"column":28},"end":{"line":60,"column":29}},"loc":{"start":{"line":60,"column":32},"end":{"line":63,"column":3}}},"12":{"name":"(anonymous_13)","decl":{"start":{"line":64,"column":29},"end":{"line":64,"column":30}},"loc":{"start":{"line":64,"column":33},"end":{"line":67,"column":3}}},"13":{"name":"(anonymous_14)","decl":{"start":{"line":68,"column":23},"end":{"line":68,"column":24}},"loc":{"start":{"line":68,"column":30},"end":{"line":93,"column":3}}},"14":{"name":"(anonymous_16)","decl":{"start":{"line":81,"column":22},"end":{"line":81,"column":32}},"loc":{"start":{"line":81,"column":37},"end":{"line":91,"column":7}}}},"branchMap":{"0":{"loc":{"start":{"line":10,"column":15},"end":{"line":10,"column":20}},"type":"cond-expr","locations":[{"start":{"line":10,"column":15},"end":{"line":10,"column":20}},{"start":{"line":10,"column":20},"end":{"line":10,"column":null}}]},"1":{"loc":{"start":{"line":11,"column":18},"end":{"line":11,"column":20}},"type":"cond-expr","locations":[{"start":{"line":11,"column":18},"end":{"line":11,"column":20}},{"start":{"line":11,"column":20},"end":{"line":11,"column":null}}]},"2":{"loc":{"start":{"line":12,"column":17},"end":{"line":12,"column":19}},"type":"cond-expr","locations":[{"start":{"line":12,"column":17},"end":{"line":12,"column":19}},{"start":{"line":12,"column":19},"end":{"line":12,"column":null}}]},"3":{"loc":{"start":{"line":13,"column":19},"end":{"line":13,"column":21}},"type":"cond-expr","locations":[{"start":{"line":13,"column":19},"end":{"line":13,"column":21}},{"start":{"line":13,"column":21},"end":{"line":13,"column":null}}]},"4":{"loc":{"start":{"line":14,"column":21},"end":{"line":14,"column":23}},"type":"cond-expr","locations":[{"start":{"line":14,"column":21},"end":{"line":14,"column":23}},{"start":{"line":14,"column":23},"end":{"line":14,"column":null}}]},"5":{"loc":{"start":{"line":15,"column":24},"end":{"line":15,"column":26}},"type":"cond-expr","locations":[{"start":{"line":15,"column":24},"end":{"line":15,"column":26}},{"start":{"line":15,"column":26},"end":{"line":15,"column":null}}]},"6":{"loc":{"start":{"line":16,"column":23},"end":{"line":16,"column":25}},"type":"cond-expr","locations":[{"start":{"line":16,"column":23},"end":{"line":16,"column":25}},{"start":{"line":16,"column":25},"end":{"line":16,"column":null}}]},"7":{"loc":{"start":{"line":17,"column":18},"end":{"line":17,"column":20}},"type":"cond-expr","locations":[{"start":{"line":17,"column":18},"end":{"line":17,"column":20}},{"start":{"line":17,"column":20},"end":{"line":17,"column":null}}]},"8":{"loc":{"start":{"line":18,"column":19},"end":{"line":18,"column":21}},"type":"cond-expr","locations":[{"start":{"line":18,"column":19},"end":{"line":18,"column":21}},{"start":{"line":18,"column":21},"end":{"line":18,"column":null}}]},"9":{"loc":{"start":{"line":19,"column":16},"end":{"line":19,"column":18}},"type":"cond-expr","locations":[{"start":{"line":19,"column":16},"end":{"line":19,"column":18}},{"start":{"line":19,"column":18},"end":{"line":19,"column":null}}]},"10":{"loc":{"start":{"line":20,"column":16},"end":{"line":20,"column":21}},"type":"cond-expr","locations":[{"start":{"line":20,"column":16},"end":{"line":20,"column":21}},{"start":{"line":20,"column":21},"end":{"line":20,"column":null}}]},"11":{"loc":{"start":{"line":21,"column":15},"end":{"line":21,"column":25}},"type":"cond-expr","locations":[{"start":{"line":21,"column":15},"end":{"line":21,"column":25}},{"start":{"line":21,"column":25},"end":{"line":21,"column":null}}]},"12":{"loc":{"start":{"line":72,"column":4},"end":{"line":74,"column":null}},"type":"if","locations":[{"start":{"line":72,"column":4},"end":{"line":74,"column":null}},{"start":{"line":72,"column":4},"end":{"line":74,"column":null}}]},"13":{"loc":{"start":{"line":82,"column":8},"end":{"line":86,"column":null}},"type":"if","locations":[{"start":{"line":82,"column":8},"end":{"line":86,"column":null}},{"start":{"line":82,"column":8},"end":{"line":86,"column":null}}]},"14":{"loc":{"start":{"line":88,"column":8},"end":{"line":90,"column":null}},"type":"if","locations":[{"start":{"line":88,"column":8},"end":{"line":90,"column":null}},{"start":{"line":88,"column":8},"end":{"line":90,"column":null}}]},"15":{"loc":{"start":{"line":102,"column":25},"end":{"line":102,"column":39}},"type":"cond-expr","locations":[{"start":{"line":102,"column":25},"end":{"line":102,"column":39}},{"start":{"line":103,"column":10},"end":{"line":112,"column":null}}]}},"s":{"0":2,"1":2,"2":2,"3":2,"4":2,"5":36,"6":3,"7":3,"8":3,"9":3,"10":3,"11":3,"12":3,"13":3,"14":3,"15":3,"16":3,"17":3,"18":1,"19":3,"20":0,"21":0,"22":0,"23":3,"24":0,"25":3,"26":0,"27":3,"28":0,"29":3,"30":0,"31":3,"32":0,"33":3,"34":0,"35":3,"36":0,"37":3,"38":0,"39":3,"40":1,"41":1,"42":1,"43":1,"44":0,"45":1,"46":1,"47":1,"48":1,"49":1,"50":0,"51":0,"52":0,"53":0,"54":0,"55":0,"56":1,"57":1,"58":1,"59":1,"60":3,"61":2},"f":{"0":0,"1":3,"2":1,"3":0,"4":0,"5":0,"6":0,"7":0,"8":0,"9":0,"10":0,"11":0,"12":0,"13":1,"14":0},"b":{"0":[3,0],"1":[3,0],"2":[3,0],"3":[3,0],"4":[3,0],"5":[3,0],"6":[3,0],"7":[3,0],"8":[3,0],"9":[3,0],"10":[3,0],"11":[3,0],"12":[0,1],"13":[0,0],"14":[0,0],"15":[1,2]}}
,"/Users/liuwei/Desktop/xr-react/src/components/utils/index.js": {"path":"/Users/liuwei/Desktop/xr-react/src/components/utils/index.js","statementMap":{"0":{"start":{"line":1,"column":26},"end":{"line":1,"column":110}},"1":{"start":{"line":1,"column":32},"end":{"line":1,"column":110}},"2":{"start":{"line":1,"column":98},"end":{"line":1,"column":109}},"3":{"start":{"line":3,"column":28},"end":{"line":12,"column":1}},"4":{"start":{"line":4,"column":2},"end":{"line":11,"column":5}},"5":{"start":{"line":8,"column":4},"end":{"line":8,"column":12}}},"fnMap":{"0":{"name":"(anonymous_0)","decl":{"start":{"line":1,"column":26},"end":{"line":1,"column":27}},"loc":{"start":{"line":1,"column":32},"end":{"line":1,"column":110}},"line":1},"1":{"name":"(anonymous_1)","decl":{"start":{"line":1,"column":88},"end":{"line":1,"column":89}},"loc":{"start":{"line":1,"column":98},"end":{"line":1,"column":109}},"line":1},"2":{"name":"(anonymous_2)","decl":{"start":{"line":3,"column":28},"end":{"line":3,"column":29}},"loc":{"start":{"line":3,"column":62},"end":{"line":12,"column":1}},"line":3},"3":{"name":"(anonymous_3)","decl":{"start":{"line":7,"column":10},"end":{"line":7,"column":11}},"loc":{"start":{"line":7,"column":19},"end":{"line":9,"column":3}},"line":7},"4":{"name":"(anonymous_4)","decl":{"start":{"line":9,"column":13},"end":{"line":9,"column":14}},"loc":{"start":{"line":9,"column":19},"end":{"line":11,"column":3}},"line":9}},"branchMap":{"0":{"loc":{"start":{"line":5,"column":12},"end":{"line":5,"column":62}},"type":"cond-expr","locations":[{"start":{"line":5,"column":24},"end":{"line":5,"column":42}},{"start":{"line":5,"column":45},"end":{"line":5,"column":62}}],"line":5},"1":{"loc":{"start":{"line":6,"column":15},"end":{"line":6,"column":53}},"type":"cond-expr","locations":[{"start":{"line":6,"column":27},"end":{"line":6,"column":48}},{"start":{"line":6,"column":51},"end":{"line":6,"column":53}}],"line":6}},"s":{"0":2,"1":0,"2":0,"3":2,"4":1,"5":1},"f":{"0":0,"1":0,"2":1,"3":1,"4":1},"b":{"0":[1,0],"1":[1,0]},"_coverageSchema":"1a1c01bbd47fc00a2c39e90264f33305004495a9","hash":"a6c37e501ed666fb364869353a93c120ef8cc8a0"}
}
