TN:
SF:src/components/index.tsx
FNF:0
FNH:0
DA:1,2
DA:2,2
DA:3,2
DA:5,2
LF:4
LH:4
BRF:0
BRH:0
end_of_record
TN:
SF:src/components/lib/filters/filters.tsx
FN:10,(anonymous_9)
FN:15,(anonymous_10)
FN:25,(anonymous_11)
FN:25,(anonymous_12)
FN:35,(anonymous_13)
FN:43,(anonymous_14)
FN:45,(anonymous_15)
FN:54,(anonymous_16)
FN:58,(anonymous_17)
FN:70,(anonymous_18)
FN:87,(anonymous_19)
FN:90,(anonymous_20)
FN:96,(anonymous_21)
FNF:13
FNH:10
FNDA:3,(anonymous_9)
FNDA:2,(anonymous_10)
FNDA:3,(anonymous_11)
FNDA:14,(anonymous_12)
FNDA:1,(anonymous_13)
FNDA:0,(anonymous_14)
FNDA:2,(anonymous_15)
FNDA:0,(anonymous_16)
FNDA:0,(anonymous_17)
FNDA:1,(anonymous_18)
FNDA:1,(anonymous_19)
FNDA:2,(anonymous_20)
FNDA:1,(anonymous_21)
DA:1,2
DA:2,2
DA:7,2
DA:8,2
DA:10,2
DA:12,3
DA:13,12
DA:14,3
DA:15,3
DA:17,2
DA:18,2
DA:20,0
DA:22,2
DA:23,2
DA:25,3
DA:27,14
DA:28,56
DA:29,14
DA:30,14
DA:32,2
DA:35,1
DA:40,2
DA:43,2
DA:45,2
DA:51,2
DA:54,2
DA:55,2
DA:58,2
DA:59,2
DA:62,4
DA:63,4
DA:64,4
DA:65,4
DA:66,2
DA:68,2
DA:70,1
DA:73,4
DA:75,4
DA:78,2
DA:81,14
DA:87,3
DA:88,1
DA:90,3
DA:91,2
DA:92,0
DA:93,0
DA:96,3
DA:97,1
DA:98,1
DA:100,3
LF:50
LH:47
BRDA:12,0,0,1
BRDA:12,0,1,2
BRDA:12,1,0,1
BRDA:12,1,1,2
BRDA:17,2,0,2
BRDA:17,2,1,0
BRDA:17,3,0,0
BRDA:17,3,1,2
BRDA:17,4,0,2
BRDA:17,4,1,2
BRDA:17,5,0,0
BRDA:17,5,1,2
BRDA:17,6,0,2
BRDA:17,6,1,2
BRDA:18,7,0,2
BRDA:18,7,1,0
BRDA:18,8,0,0
BRDA:18,8,1,2
BRDA:18,9,0,2
BRDA:18,9,1,2
BRDA:18,10,0,0
BRDA:18,10,1,2
BRDA:18,11,0,2
BRDA:18,11,1,2
BRDA:20,12,0,0
BRDA:20,12,1,0
BRDA:20,13,0,0
BRDA:20,13,1,0
BRDA:20,14,0,0
BRDA:20,14,1,0
BRDA:20,15,0,0
BRDA:20,15,1,0
BRDA:20,16,0,0
BRDA:20,16,1,0
BRDA:27,17,0,12
BRDA:27,17,1,2
BRDA:31,18,0,2
BRDA:31,18,1,2
BRDA:31,18,2,2
BRDA:31,18,3,2
BRDA:31,18,4,4
BRDA:31,18,5,2
BRDA:62,19,0,4
BRDA:62,19,1,0
BRDA:65,20,0,2
BRDA:65,20,1,2
BRDA:82,21,0,14
BRDA:82,21,1,0
BRDA:82,22,0,12
BRDA:82,22,1,2
BRDA:91,23,0,0
BRDA:91,23,1,2
BRDA:91,24,0,2
BRDA:91,24,1,1
BRF:54
BRH:35
end_of_record
TN:
SF:src/components/lib/filters/index.ts
FNF:0
FNH:0
DA:1,2
DA:3,2
DA:5,2
LF:3
LH:3
BRF:0
BRH:0
end_of_record
TN:
SF:src/components/lib/form/form.tsx
FN:6,(anonymous_4)
FN:13,(anonymous_5)
FNF:2
FNH:0
FNDA:0,(anonymous_4)
FNDA:0,(anonymous_5)
DA:1,2
DA:2,2
DA:4,2
DA:6,2
DA:7,0
DA:8,0
DA:9,0
DA:13,0
DA:16,0
DA:42,2
LF:10
LH:5
BRDA:7,0,0,0
BRDA:7,0,1,0
BRF:2
BRH:0
end_of_record
TN:
SF:src/components/lib/form/index.ts
FNF:0
FNH:0
DA:1,2
DA:3,2
LF:2
LH:2
BRF:0
BRH:0
end_of_record
TN:
SF:src/components/lib/upload/index.ts
FNF:0
FNH:0
DA:1,2
DA:3,2
DA:5,2
LF:3
LH:3
BRF:0
BRH:0
end_of_record
TN:
SF:src/components/lib/upload/upload.tsx
FN:6,(anonymous_1)
FN:8,(anonymous_2)
FN:21,(anonymous_3)
FN:24,(anonymous_4)
FN:26,(anonymous_5)
FN:36,(anonymous_6)
FN:40,(anonymous_7)
FN:44,(anonymous_8)
FN:48,(anonymous_9)
FN:52,(anonymous_10)
FN:56,(anonymous_11)
FN:60,(anonymous_12)
FN:64,(anonymous_13)
FN:68,(anonymous_14)
FN:81,(anonymous_16)
FNF:15
FNH:3
FNDA:0,(anonymous_1)
FNDA:3,(anonymous_2)
FNDA:1,(anonymous_3)
FNDA:0,(anonymous_4)
FNDA:0,(anonymous_5)
FNDA:0,(anonymous_6)
FNDA:0,(anonymous_7)
FNDA:0,(anonymous_8)
FNDA:0,(anonymous_9)
FNDA:0,(anonymous_10)
FNDA:0,(anonymous_11)
FNDA:0,(anonymous_12)
FNDA:0,(anonymous_13)
FNDA:1,(anonymous_14)
FNDA:0,(anonymous_16)
DA:1,2
DA:2,2
DA:3,2
DA:6,2
DA:8,2
DA:10,3
DA:11,3
DA:12,3
DA:13,3
DA:14,3
DA:15,3
DA:16,3
DA:17,3
DA:18,3
DA:19,3
DA:20,3
DA:21,3
DA:22,36
DA:23,3
DA:25,0
DA:26,0
DA:36,3
DA:38,0
DA:40,3
DA:42,0
DA:44,3
DA:46,0
DA:48,3
DA:50,0
DA:52,3
DA:54,0
DA:56,3
DA:58,0
DA:60,3
DA:62,0
DA:64,3
DA:66,0
DA:68,3
DA:69,1
DA:70,1
DA:71,1
DA:72,1
DA:73,0
DA:75,1
DA:76,1
DA:77,1
DA:78,1
DA:79,1
DA:81,1
DA:82,0
DA:83,0
DA:85,0
DA:87,0
DA:88,0
DA:89,0
DA:94,3
DA:136,2
LF:57
LH:40
BRDA:10,0,0,3
BRDA:10,0,1,0
BRDA:11,1,0,3
BRDA:11,1,1,0
BRDA:12,2,0,3
BRDA:12,2,1,0
BRDA:13,3,0,3
BRDA:13,3,1,0
BRDA:14,4,0,3
BRDA:14,4,1,0
BRDA:15,5,0,3
BRDA:15,5,1,0
BRDA:16,6,0,3
BRDA:16,6,1,0
BRDA:17,7,0,3
BRDA:17,7,1,0
BRDA:18,8,0,3
BRDA:18,8,1,0
BRDA:19,9,0,3
BRDA:19,9,1,0
BRDA:20,10,0,3
BRDA:20,10,1,0
BRDA:21,11,0,3
BRDA:21,11,1,0
BRDA:72,12,0,0
BRDA:72,12,1,1
BRDA:82,13,0,0
BRDA:82,13,1,0
BRDA:88,14,0,0
BRDA:88,14,1,0
BRDA:102,15,0,1
BRDA:102,15,1,2
BRF:32
BRH:15
end_of_record
TN:
SF:src/components/utils/index.js
FN:1,(anonymous_0)
FN:1,(anonymous_1)
FN:3,(anonymous_2)
FN:7,(anonymous_3)
FN:9,(anonymous_4)
FNF:5
FNH:3
FNDA:0,(anonymous_0)
FNDA:0,(anonymous_1)
FNDA:1,(anonymous_2)
FNDA:1,(anonymous_3)
FNDA:1,(anonymous_4)
DA:1,2
DA:3,2
DA:4,1
DA:8,1
LF:4
LH:4
BRDA:5,0,0,1
BRDA:5,0,1,0
BRDA:6,1,0,1
BRDA:6,1,1,0
BRF:4
BRH:2
end_of_record
